<?xml version="1.0" encoding="UTF-8"?>
<testsuite name="se.kry.codetest.TestMainVerticle" tests="1" skipped="0" failures="0" errors="0" timestamp="2021-06-13T11:25:45" hostname="PC-Xavier-Fixe" time="1.251">
  <properties/>
  <testcase name="Start a web server on localhost responding to path /service on port 8080" classname="se.kry.codetest.TestMainVerticle" time="1.251"/>
  <system-out><![CDATA[KRY code test service started
]]></system-out>
  <system-err><![CDATA[juin 13, 2021 1:25:45 PM com.mchange.v2.log.MLog 
INFOS: MLog clients using java 1.4+ standard logging.
juin 13, 2021 1:25:45 PM com.mchange.v2.c3p0.C3P0Registry 
INFOS: Initializing c3p0-0.9.5.2 [built 08-December-2015 22:06:04 -0800; debug? true; trace: 10]
]]></system-err>
</testsuite>
